1.990000000000000000e+02 9.307066038359064208e+00
2.000000000000000000e+02 9.203663202317384773e+00
2.010000000000000000e+02 9.284859661321043234e+00
2.020000000000000000e+02 9.225772326440083049e+00
2.030000000000000000e+02 9.284859661321043234e+00
2.040000000000000000e+02 9.270070145252564231e+00
2.050000000000000000e+02 9.314474058154486258e+00
2.060000000000000000e+02 9.255292417416244533e+00
2.070000000000000000e+02 9.284859661321043234e+00
2.080000000000000000e+02 9.174960993623809458e+00
2.090000000000000000e+02 9.240526477812085915e+00
2.100000000000000000e+02 9.240526477812085915e+00
2.110000000000000000e+02 9.247907974085142868e+00
2.120000000000000000e+02 8.833309247592669777e+00
2.130000000000000000e+02 8.309524982507509705e+00
2.140000000000000000e+02 7.822105026520274507e+00
2.150000000000000000e+02 7.199468521919037300e+00
2.160000000000000000e+02 6.872350973583076339e+00
2.170000000000000000e+02 6.392864998839678847e+00
2.180000000000000000e+02 6.120820892334047691e+00
2.190000000000000000e+02 5.668798698819324855e+00
2.200000000000000000e+02 5.239669517395387999e+00
2.210000000000000000e+02 5.058430384250932832e+00
2.220000000000000000e+02 4.966572014463900508e+00
2.230000000000000000e+02 4.816765966610598859e+00
2.240000000000000000e+02 4.753038783551294166e+00
2.250000000000000000e+02 4.658767716287984584e+00
2.260000000000000000e+02 4.622158771902149965e+00
2.270000000000000000e+02 4.529201237877897412e+00
2.280000000000000000e+02 4.406556838862998760e+00
2.290000000000000000e+02 4.245482832475664381e+00
2.300000000000000000e+02 4.077597025605003367e+00
2.310000000000000000e+02 3.980622179942796546e+00
2.320000000000000000e+02 3.951612519419186675e+00
2.330000000000000000e+02 3.808629411928603048e+00
2.340000000000000000e+02 3.631639008154701198e+00
2.350000000000000000e+02 3.499161366871434531e+00
2.360000000000000000e+02 3.298663342052481795e+00
2.370000000000000000e+02 3.181117058741166126e+00
2.380000000000000000e+02 3.078469067410591009e+00
2.390000000000000000e+02 2.948251966996989104e+00
2.400000000000000000e+02 2.824927770103977220e+00
2.410000000000000000e+02 2.804562125517807480e+00
2.420000000000000000e+02 2.720231367141463075e+00
2.430000000000000000e+02 2.712228925739352814e+00
2.440000000000000000e+02 2.656937622643406716e+00
2.450000000000000000e+02 2.625373452210628678e+00
2.460000000000000000e+02 2.578770695099110277e+00
2.470000000000000000e+02 2.478783779296430900e+00
2.480000000000000000e+02 2.388271684563281649e+00
2.490000000000000000e+02 2.295762987478538797e+00
2.500000000000000000e+02 2.205081495849243289e+00
2.510000000000000000e+02 2.091577132110516324e+00
2.520000000000000000e+02 1.964022993341956624e+00
2.530000000000000000e+02 1.886881258878073009e+00
2.540000000000000000e+02 1.801496043134978464e+00
2.550000000000000000e+02 1.699047390810235481e+00
2.560000000000000000e+02 1.599904762930177249e+00
2.570000000000000000e+02 1.566303880685880223e+00
2.580000000000000000e+02 1.557201891929004933e+00
2.590000000000000000e+02 1.545107165732399590e+00
2.600000000000000000e+02 1.488597342548609870e+00
2.610000000000000000e+02 1.421538259875027910e+00
2.620000000000000000e+02 1.367356671484084574e+00
2.630000000000000000e+02 1.316733876705924455e+00
2.640000000000000000e+02 1.286543138466868630e+00
2.650000000000000000e+02 1.289298343028566052e+00
2.660000000000000000e+02 1.259153181042100167e+00
2.670000000000000000e+02 1.173748750480584357e+00
2.680000000000000000e+02 1.119420192305180306e+00
2.690000000000000000e+02 1.104316416702592951e+00
2.700000000000000000e+02 1.034283045172611715e+00
2.710000000000000000e+02 1.000005223696502021e+00
2.720000000000000000e+02 9.830829217243948204e-01
2.730000000000000000e+02 9.713232318210793803e-01
2.740000000000000000e+02 9.499081398668269838e-01
2.750000000000000000e+02 9.287317596138235931e-01
2.760000000000000000e+02 9.080254203829269954e-01
2.770000000000000000e+02 8.873238111801849959e-01
2.780000000000000000e+02 8.873238111801849959e-01
2.790000000000000000e+02 8.759260642100656913e-01
2.800000000000000000e+02 8.580677913397101175e-01
2.810000000000000000e+02 8.335081884566619692e-01
2.820000000000000000e+02 8.224626149223354110e-01
2.830000000000000000e+02 8.114907178390116105e-01
2.840000000000000000e+02 7.964704913318612078e-01
2.850000000000000000e+02 7.921430313057660211e-01
2.860000000000000000e+02 7.749510735229889757e-01
2.870000000000000000e+02 7.706825546576958619e-01
2.880000000000000000e+02 7.621808816235908779e-01
2.890000000000000000e+02 7.516200991368622297e-01
2.900000000000000000e+02 7.413420131926308221e-01
2.910000000000000000e+02 7.330041965855558228e-01
2.920000000000000000e+02 7.350842301502643616e-01
2.930000000000000000e+02 7.205858834161467108e-01
2.940000000000000000e+02 7.226482346326145167e-01
2.950000000000000000e+02 7.247135329071225929e-01
2.960000000000000000e+02 7.164700221573311323e-01
2.970000000000000000e+02 7.103183332044086251e-01
2.980000000000000000e+02 7.082736643361814410e-01
2.990000000000000000e+02 7.021573400797402886e-01
3.000000000000000000e+02 6.942457712122964697e-01
3.010000000000000000e+02 6.861779051216954084e-01
3.020000000000000000e+02 6.701836317264185938e-01
3.030000000000000000e+02 6.642344056608516789e-01
3.040000000000000000e+02 6.524155240968005920e-01
3.050000000000000000e+02 6.350795877934741762e-01
3.060000000000000000e+02 6.158795046621673430e-01
3.070000000000000000e+02 6.063899777730179519e-01
3.080000000000000000e+02 5.971617223144145559e-01
3.090000000000000000e+02 5.841012451980657216e-01
3.100000000000000000e+02 5.785481037330891807e-01
3.110000000000000000e+02 5.602291909557748362e-01
3.120000000000000000e+02 5.423837672584744807e-01
3.130000000000000000e+02 5.158956095939795095e-01
3.140000000000000000e+02 4.987766651741461499e-01
3.150000000000000000e+02 4.767359127979788336e-01
3.160000000000000000e+02 4.619336801740552834e-01
3.170000000000000000e+02 4.311145260138167790e-01
3.180000000000000000e+02 3.582850594918317588e-01
3.190000000000000000e+02 2.817848553574091586e-01
3.200000000000000000e+02 2.100983610904095245e-01
3.210000000000000000e+02 1.593023971818131879e-01
3.220000000000000000e+02 1.106266647095924816e-01
3.230000000000000000e+02 1.011489260526035744e-01
3.240000000000000000e+02 1.042610193429581444e-01
3.250000000000000000e+02 1.034785754333093361e-01
3.260000000000000000e+02 1.026990785817006452e-01
3.270000000000000000e+02 1.034785754333093361e-01
3.280000000000000000e+02 1.042610193429581444e-01
3.290000000000000000e+02 1.034785754333093361e-01
3.300000000000000000e+02 1.019225287881320580e-01
3.310000000000000000e+02 1.034785754333093361e-01
3.320000000000000000e+02 1.026990785817006452e-01
3.330000000000000000e+02 1.042610193429581444e-01
3.340000000000000000e+02 1.026990785817006452e-01
3.350000000000000000e+02 1.026990785817006452e-01
3.360000000000000000e+02 1.026990785817006452e-01
3.370000000000000000e+02 1.042610193429581444e-01
3.380000000000000000e+02 1.026990785817006452e-01
3.390000000000000000e+02 1.042610193429581444e-01
3.400000000000000000e+02 1.386977461885906815e-01
3.410000000000000000e+02 2.002024348975292578e-01
3.420000000000000000e+02 4.868466795219830168e-01
3.430000000000000000e+02 7.185264792577188420e-01
3.440000000000000000e+02 7.267817782396707171e-01
3.450000000000000000e+02 7.330041965855558228e-01
3.460000000000000000e+02 7.288529706302590006e-01
3.470000000000000000e+02 7.330041965855558228e-01
3.480000000000000000e+02 7.226482346326145167e-01
3.490000000000000000e+02 7.247135329071225929e-01
3.500000000000000000e+02 7.267817782396707171e-01
3.510000000000000000e+02 7.288529706302590006e-01
3.520000000000000000e+02 7.247135329071225929e-01
3.530000000000000000e+02 7.288529706302590006e-01
3.540000000000000000e+02 7.267817782396707171e-01
3.550000000000000000e+02 7.226482346326145167e-01
3.560000000000000000e+02 7.309271100788873321e-01
3.570000000000000000e+02 7.226482346326145167e-01
3.580000000000000000e+02 7.247135329071225929e-01
3.590000000000000000e+02 7.267817782396707171e-01
3.600000000000000000e+02 7.226482346326145167e-01
3.610000000000000000e+02 7.309271100788873321e-01
3.620000000000000000e+02 7.288529706302590006e-01
3.630000000000000000e+02 7.267817782396707171e-01
3.640000000000000000e+02 7.288529706302590006e-01
3.650000000000000000e+02 7.205858834161467108e-01
3.660000000000000000e+02 7.267817782396707171e-01
3.670000000000000000e+02 7.267817782396707171e-01
3.680000000000000000e+02 7.247135329071225929e-01
3.690000000000000000e+02 7.247135329071225929e-01
3.700000000000000000e+02 7.309271100788873321e-01
3.710000000000000000e+02 7.288529706302590006e-01
3.720000000000000000e+02 7.309271100788873321e-01
3.730000000000000000e+02 7.309271100788873321e-01
3.740000000000000000e+02 7.288529706302590006e-01
3.750000000000000000e+02 7.350842301502643616e-01
3.760000000000000000e+02 7.288529706302590006e-01
3.770000000000000000e+02 7.267817782396707171e-01
3.780000000000000000e+02 7.288529706302590006e-01
3.790000000000000000e+02 7.247135329071225929e-01
3.800000000000000000e+02 7.288529706302590006e-01
3.810000000000000000e+02 7.226482346326145167e-01
3.820000000000000000e+02 7.267817782396707171e-01
3.830000000000000000e+02 7.247135329071225929e-01
3.840000000000000000e+02 7.267817782396707171e-01
3.850000000000000000e+02 7.267817782396707171e-01
3.860000000000000000e+02 7.226482346326145167e-01
3.870000000000000000e+02 7.392531384538018058e-01
3.880000000000000000e+02 8.623460207612454465e-01
3.890000000000000000e+02 1.046416746211797477e+00
3.900000000000000000e+02 1.226943148104542525e+00
3.910000000000000000e+02 1.686728054585103553e+00
3.920000000000000000e+02 2.046181534178097117e+00
3.930000000000000000e+02 2.474962918547430668e+00
3.940000000000000000e+02 2.939920633917602277e+00
3.950000000000000000e+02 3.010691447780959429e+00
3.960000000000000000e+02 3.065703296098252650e+00
3.970000000000000000e+02 3.057207517180228429e+00
3.980000000000000000e+02 3.086994316909016156e+00
3.990000000000000000e+02 3.057207517180228429e+00
4.000000000000000000e+02 3.057207517180228429e+00
4.010000000000000000e+02 3.031790909819116031e+00
4.020000000000000000e+02 3.069955606144325166e+00
4.030000000000000000e+02 3.048723526494363512e+00
4.040000000000000000e+02 2.676761008550196053e+00
4.050000000000000000e+02 2.169177487746601685e+00
4.060000000000000000e+02 1.794984813101162313e+00
4.070000000000000000e+02 1.473823740593546150e+00
